<?xml version="1.0" encoding="UTF-8"?>
<!-- Generated by org.testng.reporters.JUnitXMLReporter -->
<testsuite ignored="3" hostname="bonum-hpz400workstation" failures="1" tests="3" name="Command line test" time="0.04" errors="0" timestamp="2021-12-16T10:36:17 EET">
  <testcase classname="com.test.Tests.SearchTest" name="@AfterMethod screenShot" time="0.002">
    <failure type="java.lang.NullPointerException" message="Cannot invoke &amp;quot;org.openqa.selenium.TakesScreenshot.getScreenshotAs(org.openqa.selenium.OutputType)&amp;quot; because &amp;quot;scr&amp;quot; is null">
      <![CDATA[java.lang.NullPointerException: Cannot invoke "org.openqa.selenium.TakesScreenshot.getScreenshotAs(org.openqa.selenium.OutputType)" because "scr" is null
at com.test.Tests.SearchTest.screenShot(SearchTest.java:51)
at java.base/java.util.ArrayList.forEach(ArrayList.java:1511)
at com.test.TestManager.main(TestManager.java:56)
... Removed 29 stack frames]]>
    </failure>
  </testcase> <!-- @AfterMethod screenShot -->
  <testcase classname="com.test.Tests.SearchTest" name="@AfterMethod screenShot" time="-1.639643777048E9">
    <skipped/>
  </testcase> <!-- @AfterMethod screenShot -->
  <testcase classname="com.test.Tests.SearchTest" name="onDifferentLanguages" time="0.003"/>
  <testcase classname="com.test.Tests.SearchTest" name="run" time="0.0">
    <skipped/>
  </testcase> <!-- run -->
  <testcase classname="com.test.Tests.HeaderTest" name="temp" time="0.002">
    <failure type="java.lang.NullPointerException" message="Cannot invoke &amp;quot;org.openqa.selenium.WebDriver.get(String)&amp;quot; because &amp;quot;com.test.Tests.HeaderTest.driver&amp;quot; is null">
      <![CDATA[java.lang.NullPointerException: Cannot invoke "org.openqa.selenium.WebDriver.get(String)" because "com.test.Tests.HeaderTest.driver" is null
at com.test.Tests.HeaderTest.temp(HeaderTest.java:29)
at java.base/java.util.ArrayList.forEach(ArrayList.java:1511)
at com.test.TestManager.main(TestManager.java:56)
... Removed 24 stack frames]]>
    </failure>
  </testcase> <!-- temp -->
  <testcase classname="com.test.Tests.HeaderTest" name="phoneButton" time="0.0">
    <ignored/>
  </testcase> <!-- phoneButton -->
  <testcase classname="com.test.Tests.HeaderTest" name="searchField" time="0.0">
    <ignored/>
  </testcase> <!-- searchField -->
  <testcase classname="com.test.Tests.HeaderTest" name="locationsButton" time="0.0">
    <ignored/>
  </testcase> <!-- locationsButton -->
</testsuite> <!-- Command line test -->
