<?xml version="1.0" encoding="UTF-8"?>
<!-- Generated by org.testng.reporters.JUnitXMLReporter -->
<testsuite ignored="0" hostname="bonum-hpz400workstation" failures="3" tests="5" name="My Test" time="0.054" errors="0" timestamp="2021-12-10T17:11:37 EET">
  <testcase classname="com.test.Tests.SearchTest" name="onDifferentLanguages" time="0.004"/>
  <testcase classname="com.test.Tests.SearchTest" name="run" time="0.0"/>
  <testcase classname="com.test.Tests.HeaderTest" name="locationsButton" time="0.002">
    <failure type="java.lang.NullPointerException" message="Cannot invoke &amp;quot;org.openqa.selenium.WebDriver.get(String)&amp;quot; because &amp;quot;com.test.Tests.HeaderTest.driver&amp;quot; is null">
      <![CDATA[java.lang.NullPointerException: Cannot invoke "org.openqa.selenium.WebDriver.get(String)" because "com.test.Tests.HeaderTest.driver" is null
at com.test.Tests.HeaderTest.locationsButton(HeaderTest.java:31)
at java.base/java.util.ArrayList.forEach(ArrayList.java:1511)
at com.test.TestManager.main(TestManager.java:70)
... Removed 24 stack frames]]>
    </failure>
  </testcase> <!-- locationsButton -->
  <testcase classname="com.test.Tests.HeaderTest" name="phoneButton" time="0.003">
    <failure type="java.lang.NullPointerException" message="Cannot read field &amp;quot;header&amp;quot; because &amp;quot;com.test.Tests.HeaderTest.homePage&amp;quot; is null">
      <![CDATA[java.lang.NullPointerException: Cannot read field "header" because "com.test.Tests.HeaderTest.homePage" is null
at com.test.Tests.HeaderTest.phoneButton(HeaderTest.java:55)
at java.base/java.util.ArrayList.forEach(ArrayList.java:1511)
at com.test.TestManager.main(TestManager.java:70)
... Removed 24 stack frames]]>
    </failure>
  </testcase> <!-- phoneButton -->
  <testcase classname="com.test.Tests.HeaderTest" name="searchField" time="0.0">
    <failure type="java.lang.NullPointerException" message="Cannot read field &amp;quot;header&amp;quot; because &amp;quot;com.test.Tests.HeaderTest.homePage&amp;quot; is null">
      <![CDATA[java.lang.NullPointerException: Cannot read field "header" because "com.test.Tests.HeaderTest.homePage" is null
at com.test.Tests.HeaderTest.searchField(HeaderTest.java:73)
at java.base/java.util.ArrayList.forEach(ArrayList.java:1511)
at com.test.TestManager.main(TestManager.java:70)
... Removed 24 stack frames]]>
    </failure>
  </testcase> <!-- searchField -->
</testsuite> <!-- My Test -->
